This is pdfTeX, Version 3.1415926-1.40.10 (TeX Live 2009/Debian) (format=pdflatex 2012.2.12)  9 MAR 2012 22:40
entering extended mode
 %&-line parsing enabled.
**paper.tex
(./paper.tex
LaTeX2e <2009/09/24>
Babel <v3.8l> and hyphenation patterns for english, usenglishmax, dumylang, noh
yphenation, loaded.
(/usr/share/texmf-texlive/tex/latex/base/article.cls
Document Class: article 2007/10/19 v1.4h Standard LaTeX document class
(/usr/share/texmf-texlive/tex/latex/base/size10.clo
File: size10.clo 2007/10/19 v1.4h Standard LaTeX file (size option)
)
\c@part=\count79
\c@section=\count80
\c@subsection=\count81
\c@subsubsection=\count82
\c@paragraph=\count83
\c@subparagraph=\count84
\c@figure=\count85
\c@table=\count86
\abovecaptionskip=\skip41
\belowcaptionskip=\skip42
\bibindent=\dimen102
)
(/usr/share/texmf-texlive/tex/latex/tools/indentfirst.sty
Package: indentfirst 1995/11/23 v1.03 Indent first paragraph (DPC)
)
(/usr/share/texmf-texlive/tex/latex/graphics/graphicx.sty
Package: graphicx 1999/02/16 v1.0f Enhanced LaTeX Graphics (DPC,SPQR)

(/usr/share/texmf-texlive/tex/latex/graphics/keyval.sty
Package: keyval 1999/03/16 v1.13 key=value parser (DPC)
\KV@toks@=\toks14
)
(/usr/share/texmf-texlive/tex/latex/graphics/graphics.sty
Package: graphics 2009/02/05 v1.0o Standard LaTeX Graphics (DPC,SPQR)

(/usr/share/texmf-texlive/tex/latex/graphics/trig.sty
Package: trig 1999/03/16 v1.09 sin cos tan (DPC)
)
(/etc/texmf/tex/latex/config/graphics.cfg
File: graphics.cfg 2009/08/28 v1.8 graphics configuration of TeX Live
)
Package graphics Info: Driver file: pdftex.def on input line 91.

(/usr/share/texmf-texlive/tex/latex/pdftex-def/pdftex.def
File: pdftex.def 2010/03/12 v0.04p Graphics/color for pdfTeX
\Gread@gobject=\count87
))
\Gin@req@height=\dimen103
\Gin@req@width=\dimen104
)
(/usr/share/texmf-texlive/tex/latex/wrapfig/wrapfig.sty
\wrapoverhang=\dimen105
\WF@size=\dimen106
\c@WF@wrappedlines=\count88
\WF@box=\box26
\WF@everypar=\toks15
Package: wrapfig 2003/01/31  v 3.6
)
(/usr/share/texmf-texlive/tex/latex/setspace/setspace.sty
Package: setspace 2000/12/01 6.7 Contributed and Supported LaTeX2e package

Package: `setspace' 6.7 <2000/12/01>
) (/usr/share/texmf-texlive/tex/latex/ltxmisc/url.sty
\Urlmuskip=\muskip10
Package: url 2006/04/12  ver 3.3  Verb mode for urls, etc.
)
(/usr/share/texmf-texlive/tex/latex/pdfpages/pdfpages.sty
Package: pdfpages 2009/02/07 v0.4g Insert pages of external PDF documents (AM)

(/usr/share/texmf-texlive/tex/latex/base/ifthen.sty
Package: ifthen 2001/05/26 v1.1c Standard LaTeX ifthen package (DPC)
)
(/usr/share/texmf-texlive/tex/latex/tools/calc.sty
Package: calc 2007/08/22 v4.3 Infix arithmetic (KKT,FJ)
\calc@Acount=\count89
\calc@Bcount=\count90
\calc@Adimen=\dimen107
\calc@Bdimen=\dimen108
\calc@Askip=\skip43
\calc@Bskip=\skip44
LaTeX Info: Redefining \setlength on input line 76.
LaTeX Info: Redefining \addtolength on input line 77.
\calc@Ccount=\count91
\calc@Cskip=\skip45
)
(/usr/share/texmf-texlive/tex/latex/eso-pic/eso-pic.sty
Package: eso-pic 2006/07/14 v1.1d eso-pic (RN)

(/usr/share/texmf-texlive/tex/latex/ms/everyshi.sty
Package: everyshi 2001/05/15 v3.00 EveryShipout Package (MS)
))
(/usr/share/texmf-texlive/tex/latex/pdfpages/pppdftex.def
File: pppdftex.def 2009/02/07 v0.4g Pdfpages driver for pdfTeX (AM)
)
\AM@pagebox=\box27
\AM@toc@title=\toks16
\c@AM@survey=\count92
\AM@templatesizebox=\box28
) (./paper.aux)
\openout1 = `paper.aux'.

LaTeX Font Info:    Checking defaults for OML/cmm/m/it on input line 10.
LaTeX Font Info:    ... okay on input line 10.
LaTeX Font Info:    Checking defaults for T1/cmr/m/n on input line 10.
LaTeX Font Info:    ... okay on input line 10.
LaTeX Font Info:    Checking defaults for OT1/cmr/m/n on input line 10.
LaTeX Font Info:    ... okay on input line 10.
LaTeX Font Info:    Checking defaults for OMS/cmsy/m/n on input line 10.
LaTeX Font Info:    ... okay on input line 10.
LaTeX Font Info:    Checking defaults for OMX/cmex/m/n on input line 10.
LaTeX Font Info:    ... okay on input line 10.
LaTeX Font Info:    Checking defaults for U/cmr/m/n on input line 10.
LaTeX Font Info:    ... okay on input line 10.

(/usr/share/texmf-texlive/tex/context/base/supp-pdf.mkii
[Loading MPS to PDF converter (version 2006.09.02).]
\scratchcounter=\count93
\scratchdimen=\dimen109
\scratchbox=\box29
\nofMPsegments=\count94
\nofMParguments=\count95
\everyMPshowfont=\toks17
\MPscratchCnt=\count96
\MPscratchDim=\dimen110
\MPnumerator=\count97
\everyMPtoPDFconversion=\toks18
) ABD: EveryShipout initializing macros
(/usr/share/texmf-texlive/tex/latex/graphics/color.sty
Package: color 2005/11/14 v1.0j Standard LaTeX Color (DPC)

(/etc/texmf/tex/latex/config/color.cfg
File: color.cfg 2007/01/18 v1.5 color configuration of teTeX/TeXLive
)
Package color Info: Driver file: pdftex.def on input line 130.
) [1

{/var/lib/texmf/fonts/map/pdftex/updmap/pdftex.map}] (./paper.toc
LaTeX Font Info:    External font `cmex10' loaded for size
(Font)              <7> on input line 4.
LaTeX Font Info:    External font `cmex10' loaded for size
(Font)              <5> on input line 4.
)
\tf@toc=\write3
\openout3 = `paper.toc'.

 [1] [1

]
<basic-tree.jpg, id=17, 409.53pt x 230.8625pt>
File: basic-tree.jpg Graphic file (type jpg)
 <use basic-tree.jpg> [2

 <./basic-tree.jpg>] [3

] <decision-tree.png, id=27, 838.13126pt x 732.7375pt>
File: decision-tree.png Graphic file (type png)

<use decision-tree.png>

LaTeX Warning: `h' float specifier changed to `ht'.

[4] [5 <./decision-tree.png>] <bins.png, id=37, 835.12pt x 515.9275pt>
File: bins.png Graphic file (type png)

<use bins.png> <features.png, id=38, 831.105pt x 501.875pt>
File: features.png Graphic file (type png)
 <use features.png>
<training.png, id=39, 907.39pt x 504.88625pt>
File: training.png Graphic file (type png)
 <use training.png> [6

 <./bins.png>] [7 <./features.png> <./training.png>] [8] [9

]

pdfTeX warning: pdflatex (file ./coverage.pdf): PDF inclusion: found PDF versio
n <1.5>, but at most version <1.4> allowed


pdfTeX warning: pdflatex (file ./coverage.pdf): PDF inclusion: found PDF versio
n <1.5>, but at most version <1.4> allowed
[10

]

pdfTeX warning: pdflatex (file ./coverage.pdf): PDF inclusion: found PDF versio
n <1.5>, but at most version <1.4> allowed
<coverage.pdf, id=62, page=1, 614.295pt x 794.97pt>
File: coverage.pdf Graphic file (type pdf)
 <use coverage.pdf, page 1>
File: coverage.pdf Graphic file (type pdf)

<use coverage.pdf, page 1>
File: coverage.pdf Graphic file (type pdf)
 <use coverage.pdf, page 1>
File: coverage.pdf Graphic file (type pdf)

<use coverage.pdf, page 1>
File: coverage.pdf Graphic file (type pdf)
 <use coverage.pdf, page 1> [11 <./coverage.pdf>]

pdfTeX warning: pdflatex (file ./coverage.pdf): PDF inclusion: found PDF versio
n <1.5>, but at most version <1.4> allowed
<coverage.pdf, id=90, page=2, 614.295pt x 794.97pt>
File: coverage.pdf Graphic file (type pdf)
 <use coverage.pdf, page 2>
File: coverage.pdf Graphic file (type pdf)

<use coverage.pdf, page 2>
File: coverage.pdf Graphic file (type pdf)
 <use coverage.pdf, page 2> [12 <./coverage.pdf>]

pdfTeX warning: pdflatex (file ./coverage.pdf): PDF inclusion: found PDF versio
n <1.5>, but at most version <1.4> allowed
<coverage.pdf, id=95, page=3, 614.295pt x 794.97pt>
File: coverage.pdf Graphic file (type pdf)
 <use coverage.pdf, page 3>
File: coverage.pdf Graphic file (type pdf)

<use coverage.pdf, page 3>
File: coverage.pdf Graphic file (type pdf)
 <use coverage.pdf, page 3> [13 <./coverage.pdf>]

pdfTeX warning: pdflatex (file ./coverage.pdf): PDF inclusion: found PDF versio
n <1.5>, but at most version <1.4> allowed
<coverage.pdf, id=100, page=4, 614.295pt x 794.97pt>
File: coverage.pdf Graphic file (type pdf)

<use coverage.pdf, page 4>
File: coverage.pdf Graphic file (type pdf)
 <use coverage.pdf, page 4>
File: coverage.pdf Graphic file (type pdf)

<use coverage.pdf, page 4> [14 <./coverage.pdf>] (./paper.aux) ) 
Here is how much of TeX's memory you used:
 1855 strings out of 495061
 25694 string characters out of 1182621
 80326 words of memory out of 3000000
 5033 multiletter control sequences out of 15000+50000
 5625 words of font info for 21 fonts, out of 3000000 for 9000
 28 hyphenation exceptions out of 8191
 32i,16n,37p,1079b,391s stack positions out of 5000i,500n,10000p,200000b,50000s
</usr/share/tex
mf-texlive/fonts/type1/public/amsfonts/cm/cmbx10.pfb></usr/share/texmf-texlive/
fonts/type1/public/amsfonts/cm/cmbx12.pfb></usr/share/texmf-texlive/fonts/type1
/public/amsfonts/cm/cmmi10.pfb></usr/share/texmf-texlive/fonts/type1/public/ams
fonts/cm/cmr10.pfb></usr/share/texmf-texlive/fonts/type1/public/amsfonts/cm/cmr
12.pfb></usr/share/texmf-texlive/fonts/type1/public/amsfonts/cm/cmr17.pfb></usr
/share/texmf-texlive/fonts/type1/public/amsfonts/cm/cmr7.pfb></usr/share/texmf-
texlive/fonts/type1/public/amsfonts/cm/cmsy10.pfb></usr/share/texmf-texlive/fon
ts/type1/public/amsfonts/cm/cmtt10.pfb>
Output written on paper.pdf (16 pages, 306254 bytes).
PDF statistics:
 134 PDF objects out of 1000 (max. 8388607)
 0 named destinations out of 1000 (max. 500000)
 56 words of extra memory for PDF output out of 10000 (max. 10000000)

